{"/media/pm/dd2e07bc-73a9-4718-b402-e28bdd75467f/home/pranav/fire Admin/toolkit/my-project-name/src/pages/index.tsx": {"path":"/media/pm/dd2e07bc-73a9-4718-b402-e28bdd75467f/home/pranav/fire Admin/toolkit/my-project-name/src/pages/index.tsx","statementMap":{"0":{"start":{"line":1,"column":39},"end":{"line":1,"column":null}},"1":{"start":{"line":3,"column":37},"end":{"line":3,"column":null}},"2":{"start":{"line":4,"column":39},"end":{"line":4,"column":null}},"3":{"start":{"line":6,"column":14},"end":{"line":26,"column":1}},"4":{"start":{"line":7,"column":17},"end":{"line":7,"column":26}},"5":{"start":{"line":9,"column":2},"end":{"line":24,"column":null}},"6":{"start":{"line":28,"column":15},"end":{"line":28,"column":20}}},"fnMap":{"0":{"name":"(anonymous_0)","decl":{"start":{"line":6,"column":14},"end":{"line":6,"column":20}},"loc":{"start":{"line":6,"column":20},"end":{"line":26,"column":1}}}},"branchMap":{},"s":{"0":1,"1":1,"2":1,"3":1,"4":1,"5":1,"6":1},"f":{"0":1},"b":{}}
,"/media/pm/dd2e07bc-73a9-4718-b402-e28bdd75467f/home/pranav/fire Admin/toolkit/my-project-name/src/templates/Main.tsx": {"path":"/media/pm/dd2e07bc-73a9-4718-b402-e28bdd75467f/home/pranav/fire Admin/toolkit/my-project-name/src/templates/Main.tsx","statementMap":{"0":{"start":{"line":3,"column":45},"end":{"line":3,"column":null}},"1":{"start":{"line":10,"column":13},"end":{"line":211,"column":null}},"2":{"start":{"line":11,"column":2},"end":{"line":211,"column":null}},"3":{"start":{"line":214,"column":9},"end":{"line":214,"column":null}}},"fnMap":{"0":{"name":"(anonymous_0)","decl":{"start":{"line":10,"column":13},"end":{"line":10,"column":14}},"loc":{"start":{"line":11,"column":2},"end":{"line":211,"column":null}}}},"branchMap":{},"s":{"0":3,"1":3,"2":4,"3":3},"f":{"0":4},"b":{}}
,"/media/pm/dd2e07bc-73a9-4718-b402-e28bdd75467f/home/pranav/fire Admin/toolkit/my-project-name/src/utils/AppConfig.ts": {"path":"/media/pm/dd2e07bc-73a9-4718-b402-e28bdd75467f/home/pranav/fire Admin/toolkit/my-project-name/src/utils/AppConfig.ts","statementMap":{"0":{"start":{"line":1,"column":25},"end":{"line":6,"column":1}},"1":{"start":{"line":1,"column":13},"end":{"line":1,"column":25}}},"fnMap":{},"branchMap":{},"s":{"0":4,"1":4},"f":{},"b":{}}
}
